<?xml version="1.0" encoding="UTF-8"?>
<!-- Generated by org.testng.reporters.JUnitReportReporter -->
<testsuite hostname="idayajesuss-MacBook-Pro.local" failures="0" tests="3" name="com.google.LaunchGC" time="14.373" errors="0" timestamp="2024-04-10T12:15:35 IST" skipped="0">
  <testcase classname="com.google.LaunchGC" name="LunchGooleC" time="4.954"/>
  <system-out/>
  <testcase classname="com.google.LaunchGC" name="LunchGooleC02" time="4.708"/>
  <system-out/>
  <testcase classname="com.google.LaunchGC" name="LunchGooleC01" time="4.711"/>
  <system-out/>
</testsuite> <!-- com.google.LaunchGC -->
